<?xml version="1.0" encoding="UTF-8"?>
<testng-results skipped="0" failed="0" total="1" passed="1">
  <reporter-output>
  </reporter-output>
  <suite name="Command line suite" duration-ms="35" started-at="2019-03-31T11:26:52Z" finished-at="2019-03-31T11:26:52Z">
    <groups>
    </groups>
    <test name="Command line test" duration-ms="35" started-at="2019-03-31T11:26:52Z" finished-at="2019-03-31T11:26:52Z">
      <class name="KeywordFrame.KeywordFrame.AppTest">
        <test-method status="PASS" signature="testApp()[pri:0, instance:testApp(KeywordFrame.KeywordFrame.AppTest)]" name="testApp" duration-ms="3" started-at="2019-03-31T16:56:52Z" finished-at="2019-03-31T16:56:52Z">
          <reporter-output>
          </reporter-output>
        </test-method> <!-- testApp -->
      </class> <!-- KeywordFrame.KeywordFrame.AppTest -->
    </test> <!-- Command line test -->
  </suite> <!-- Command line suite -->
</testng-results>
