<?xml version="1.0" encoding="UTF-8"?>
<!-- Generated by org.testng.reporters.JUnitXMLReporter -->
<testsuite hostname="VAIO" name="Command line test" tests="1" failures="1" timestamp="31 Mar 2019 11:26:51 GMT" time="2.695" errors="0">
  <testcase name="logintest" time="2.628" classname="com.qa.fb.test.LoginTest">
    <failure type="java.lang.NullPointerException">
      <![CDATA[java.lang.NullPointerException
	at com.qa.fb.KeywordExec.Execution.Test_scenario_Execution(Execution.java:104)
	at com.qa.fb.test.LoginTest.logintest(LoginTest.java:16)
... Removed 34 stack frames]]>
    </failure>
  </testcase> <!-- logintest -->
</testsuite> <!-- Command line test -->
