-------------------------------------------------------------------------------
Test set: TestSuite
-------------------------------------------------------------------------------
Tests run: 2, Failures: 1, Errors: 0, Skipped: 0, Time elapsed: 5.366 sec <<< FAILURE!
logintest(com.qa.fb.test.LoginTest)  Time elapsed: 2.662 sec  <<< FAILURE!
java.lang.NullPointerException
	at com.qa.fb.KeywordExec.Execution.Test_scenario_Execution(Execution.java:104)
	at com.qa.fb.test.LoginTest.logintest(LoginTest.java:16)

