<?xml version="1.0" encoding="UTF-8"?>
<testng-results skipped="0" failed="0" total="0" passed="0">
  <reporter-output>
  </reporter-output>
  <suite name="KeywordFrame.KeywordFrame.AppTest" duration-ms="4" started-at="2019-03-30T11:58:49Z" finished-at="2019-03-30T11:58:49Z">
    <groups>
    </groups>
    <test name="Command line test" duration-ms="4" started-at="2019-03-30T11:58:49Z" finished-at="2019-03-30T11:58:49Z">
    </test> <!-- Command line test -->
  </suite> <!-- KeywordFrame.KeywordFrame.AppTest -->
</testng-results>
