<?xml version="1.0" encoding="UTF-8"?>
<testng-results skipped="0" failed="0" total="1" passed="1">
  <reporter-output>
  </reporter-output>
  <suite name="Default suite" duration-ms="31641" started-at="2019-04-14T17:45:09Z" finished-at="2019-04-14T17:45:40Z">
    <groups>
    </groups>
    <test name="Default test" duration-ms="31641" started-at="2019-04-14T17:45:09Z" finished-at="2019-04-14T17:45:40Z">
      <class name="com.qa.fb.test.LoginTest">
        <test-method status="PASS" signature="logintest()[pri:0, instance:com.qa.fb.test.LoginTest@4cc0edeb]" name="logintest" duration-ms="31573" started-at="2019-04-14T23:15:09Z" finished-at="2019-04-14T23:15:40Z">
          <reporter-output>
          </reporter-output>
        </test-method> <!-- logintest -->
      </class> <!-- com.qa.fb.test.LoginTest -->
    </test> <!-- Default test -->
  </suite> <!-- Default suite -->
</testng-results>
